ModuleWelcome/build/outputs/logs/manifest-merger-debug-report.txt
-- Merging decision tree log ---
manifest
ADDED from main\release\AndroidManifest.xml:2:1-32:12
INJECTED from main\release\AndroidManifest.xml:2:1-32:12
INJECTED from main\release\AndroidManifest.xml:2:1-32:12
INJECTED from main\release\AndroidManifest.xml:2:1-32:12
INJECTED from main\release\AndroidManifest.xml:2:1-32:12
INJECTED from main\release\AndroidManifest.xml:2:1-32:12
INJECTED from main\release\AndroidManifest.xml:2:1-32:12
	package
		ADDED from main\release\AndroidManifest.xml:3:5-35
		INJECTED from main\release\AndroidManifest.xml
		INJECTED from main\release\AndroidManifest.xml
	android:versionName
		INJECTED from main\release\AndroidManifest.xml
		ADDED from main\release\AndroidManifest.xml:2:1-32:12
		INJECTED from main\release\AndroidManifest.xml
	android:versionCode
		INJECTED from main\release\AndroidManifest.xml
		ADDED from main\release\AndroidManifest.xml:2:1-32:12
		INJECTED from main\release\AndroidManifest.xml
	xmlns:android
		ADDED from main\release\AndroidManifest.xml:2:11-69
uses-permission#android.permission.INTERNET
ADDED from main\release\AndroidManifest.xml:5:5-67
	android:name
		ADDED from main\release\AndroidManifest.xml:5:22-64
uses-permission#android.permission.WRITE_EXTERNAL_STORAGE
ADDED from main\release\AndroidManifest.xml:6:5-81
	android:name
		ADDED from main\release\AndroidManifest.xml:6:22-78
uses-permission#android.permission.READ_EXTERNAL_STORAGE
ADDED from main\release\AndroidManifest.xml:7:5-80
	android:name
		ADDED from main\release\AndroidManifest.xml:7:22-77
uses-permission#android.permission.ACCESS_NETWORK_STATE
ADDED from main\release\AndroidManifest.xml:8:5-79
	android:name
		ADDED from main\release\AndroidManifest.xml:8:22-76
uses-permission#android.permission.ACCESS_WIFI_STATE
ADDED from main\release\AndroidManifest.xml:9:5-76
	android:name
		ADDED from main\release\AndroidManifest.xml:9:22-73
uses-permission#android.permission.CHANGE_WIFI_STATE
ADDED from main\release\AndroidManifest.xml:10:5-76
	android:name
		ADDED from main\release\AndroidManifest.xml:10:22-73
uses-permission#android.permission.READ_PHONE_STATE
ADDED from main\release\AndroidManifest.xml:11:5-75
	android:name
		ADDED from main\release\AndroidManifest.xml:11:22-72
application
ADDED from main\release\AndroidManifest.xml:13:5-31:19
	android:supportsRtl
		ADDED from main\release\AndroidManifest.xml:17:9-35
	android:label
		ADDED from main\release\AndroidManifest.xml:16:9-48
	android:allowBackup
		ADDED from main\release\AndroidManifest.xml:15:9-35
	android:name
		ADDED from main\release\AndroidManifest.xml:14:9-58
meta-data#design_width
ADDED from main\release\AndroidManifest.xml:23:9-25:36
	android:value
		ADDED from main\release\AndroidManifest.xml:25:13-33
	android:name
		ADDED from main\release\AndroidManifest.xml:24:13-40
meta-data#design_height
ADDED from main\release\AndroidManifest.xml:26:9-28:36
	android:value
		ADDED from main\release\AndroidManifest.xml:28:13-33
	android:name
		ADDED from main\release\AndroidManifest.xml:27:13-41
uses-sdk
INJECTED from main\release\AndroidManifest.xml reason: use-sdk injection requested
INJECTED from main\release\AndroidManifest.xml
INJECTED from main\release\AndroidManifest.xml
INJECTED from main\release\AndroidManifest.xml
INJECTED from main\release\AndroidManifest.xml
	android:targetSdkVersion
		INJECTED from main\release\AndroidManifest.xml
		ADDED from main\release\AndroidManifest.xml
		INJECTED from main\release\AndroidManifest.xml
	android:minSdkVersion
		INJECTED from main\release\AndroidManifest.xml
		ADDED from main\release\AndroidManifest.xml
		INJECTED from main\release\AndroidManifest.xml